
*** Running vivado
    with args -log au_top_0.vds -m64 -product Vivado -mode batch -messageDb vivado.pb -notrace -source au_top_0.tcl



****** Vivado v2020.1 (64-bit)
  **** SW Build 2902540 on Wed May 27 19:54:49 MDT 2020
  **** IP Build 2902112 on Wed May 27 22:43:36 MDT 2020
    ** Copyright 1986-2020 Xilinx, Inc. All Rights Reserved.

source au_top_0.tcl -notrace
Command: synth_design -top au_top_0 -part xc7a35tftg256-1
Starting synth_design
Attempting to get a license for feature 'Synthesis' and/or device 'xc7a35t'
INFO: [Common 17-349] Got license for feature 'Synthesis' and/or device 'xc7a35t'
INFO: [Device 21-403] Loading part xc7a35tftg256-1
INFO: [Synth 8-7079] Multithreading enabled for synth_design using a maximum of 2 processes.
INFO: [Synth 8-7078] Launching helper process for spawning children vivado processes
INFO: [Synth 8-7075] Helper process launched with PID 17708
---------------------------------------------------------------------------------
Starting RTL Elaboration : Time (s): cpu = 00:00:04 ; elapsed = 00:00:04 . Memory (MB): peak = 1013.973 ; gain = 0.000
---------------------------------------------------------------------------------
INFO: [Synth 8-6157] synthesizing module 'au_top_0' [C:/Users/darry/Documents/alchitry/16BIT_ALU_CHECKOFF/work/vivado/16BIT_ALU_CHECKOFF/16BIT_ALU_CHECKOFF.srcs/sources_1/imports/verilog/au_top_0.v:7]
INFO: [Synth 8-6157] synthesizing module 'button_conditioner_2' [C:/Users/darry/Documents/alchitry/16BIT_ALU_CHECKOFF/work/vivado/16BIT_ALU_CHECKOFF/16BIT_ALU_CHECKOFF.srcs/sources_1/imports/verilog/button_conditioner_2.v:13]
	Parameter CLK_FREQ bound to: 26'b10111110101111000010000000 
	Parameter MIN_DELAY bound to: 5'b10100 
	Parameter NUM_SYNC bound to: 2'b10 
INFO: [Synth 8-6157] synthesizing module 'pipeline_6' [C:/Users/darry/Documents/alchitry/16BIT_ALU_CHECKOFF/work/vivado/16BIT_ALU_CHECKOFF/16BIT_ALU_CHECKOFF.srcs/sources_1/imports/verilog/pipeline_6.v:11]
	Parameter DEPTH bound to: 2'b10 
INFO: [Synth 8-6155] done synthesizing module 'pipeline_6' (1#1) [C:/Users/darry/Documents/alchitry/16BIT_ALU_CHECKOFF/work/vivado/16BIT_ALU_CHECKOFF/16BIT_ALU_CHECKOFF.srcs/sources_1/imports/verilog/pipeline_6.v:11]
INFO: [Synth 8-6155] done synthesizing module 'button_conditioner_2' (2#1) [C:/Users/darry/Documents/alchitry/16BIT_ALU_CHECKOFF/work/vivado/16BIT_ALU_CHECKOFF/16BIT_ALU_CHECKOFF.srcs/sources_1/imports/verilog/button_conditioner_2.v:13]
INFO: [Synth 8-6157] synthesizing module 'edge_detector_3' [C:/Users/darry/Documents/alchitry/16BIT_ALU_CHECKOFF/work/vivado/16BIT_ALU_CHECKOFF/16BIT_ALU_CHECKOFF.srcs/sources_1/imports/verilog/edge_detector_3.v:12]
	Parameter RISE bound to: 1'b1 
	Parameter FALL bound to: 1'b0 
INFO: [Synth 8-6155] done synthesizing module 'edge_detector_3' (3#1) [C:/Users/darry/Documents/alchitry/16BIT_ALU_CHECKOFF/work/vivado/16BIT_ALU_CHECKOFF/16BIT_ALU_CHECKOFF.srcs/sources_1/imports/verilog/edge_detector_3.v:12]
INFO: [Synth 8-6157] synthesizing module 'reset_conditioner_1' [C:/Users/darry/Documents/alchitry/16BIT_ALU_CHECKOFF/work/vivado/16BIT_ALU_CHECKOFF/16BIT_ALU_CHECKOFF.srcs/sources_1/imports/verilog/reset_conditioner_1.v:11]
	Parameter STAGES bound to: 3'b100 
INFO: [Synth 8-6155] done synthesizing module 'reset_conditioner_1' (4#1) [C:/Users/darry/Documents/alchitry/16BIT_ALU_CHECKOFF/work/vivado/16BIT_ALU_CHECKOFF/16BIT_ALU_CHECKOFF.srcs/sources_1/imports/verilog/reset_conditioner_1.v:11]
INFO: [Synth 8-6157] synthesizing module 'fsm_COMBINE_4' [C:/Users/darry/Documents/alchitry/16BIT_ALU_CHECKOFF/work/vivado/16BIT_ALU_CHECKOFF/16BIT_ALU_CHECKOFF.srcs/sources_1/imports/verilog/fsm_COMBINE_4.v:7]
	Parameter MANUAL_brain bound to: 1'b0 
	Parameter AUTO_brain bound to: 1'b1 
INFO: [Synth 8-6157] synthesizing module 'fsm_MANUAL_7' [C:/Users/darry/Documents/alchitry/16BIT_ALU_CHECKOFF/work/vivado/16BIT_ALU_CHECKOFF/16BIT_ALU_CHECKOFF.srcs/sources_1/imports/verilog/fsm_MANUAL_7.v:7]
	Parameter FIRSTINPUT_brain bound to: 3'b000 
	Parameter SECONDINPUT_brain bound to: 3'b001 
	Parameter OPCODE_brain bound to: 3'b010 
	Parameter RESULT_brain bound to: 3'b011 
	Parameter AUTO_brain bound to: 3'b100 
INFO: [Synth 8-6157] synthesizing module 'alu16bit_12' [C:/Users/darry/Documents/alchitry/16BIT_ALU_CHECKOFF/work/vivado/16BIT_ALU_CHECKOFF/16BIT_ALU_CHECKOFF.srcs/sources_1/imports/verilog/alu16bit_12.v:7]
INFO: [Synth 8-6157] synthesizing module 'adder16bit_13' [C:/Users/darry/Documents/alchitry/16BIT_ALU_CHECKOFF/work/vivado/16BIT_ALU_CHECKOFF/16BIT_ALU_CHECKOFF.srcs/sources_1/imports/verilog/adder16bit_13.v:7]
INFO: [Synth 8-6155] done synthesizing module 'adder16bit_13' (5#1) [C:/Users/darry/Documents/alchitry/16BIT_ALU_CHECKOFF/work/vivado/16BIT_ALU_CHECKOFF/16BIT_ALU_CHECKOFF.srcs/sources_1/imports/verilog/adder16bit_13.v:7]
INFO: [Synth 8-6157] synthesizing module 'shifter16bit_14' [C:/Users/darry/Documents/alchitry/16BIT_ALU_CHECKOFF/work/vivado/16BIT_ALU_CHECKOFF/16BIT_ALU_CHECKOFF.srcs/sources_1/imports/verilog/shifter16bit_14.v:7]
INFO: [Synth 8-6155] done synthesizing module 'shifter16bit_14' (6#1) [C:/Users/darry/Documents/alchitry/16BIT_ALU_CHECKOFF/work/vivado/16BIT_ALU_CHECKOFF/16BIT_ALU_CHECKOFF.srcs/sources_1/imports/verilog/shifter16bit_14.v:7]
INFO: [Synth 8-6157] synthesizing module 'compare16bit_15' [C:/Users/darry/Documents/alchitry/16BIT_ALU_CHECKOFF/work/vivado/16BIT_ALU_CHECKOFF/16BIT_ALU_CHECKOFF.srcs/sources_1/imports/verilog/compare16bit_15.v:7]
INFO: [Synth 8-155] case statement is not full and has no default [C:/Users/darry/Documents/alchitry/16BIT_ALU_CHECKOFF/work/vivado/16BIT_ALU_CHECKOFF/16BIT_ALU_CHECKOFF.srcs/sources_1/imports/verilog/compare16bit_15.v:20]
INFO: [Synth 8-6155] done synthesizing module 'compare16bit_15' (7#1) [C:/Users/darry/Documents/alchitry/16BIT_ALU_CHECKOFF/work/vivado/16BIT_ALU_CHECKOFF/16BIT_ALU_CHECKOFF.srcs/sources_1/imports/verilog/compare16bit_15.v:7]
INFO: [Synth 8-6157] synthesizing module 'bool16bit_16' [C:/Users/darry/Documents/alchitry/16BIT_ALU_CHECKOFF/work/vivado/16BIT_ALU_CHECKOFF/16BIT_ALU_CHECKOFF.srcs/sources_1/imports/verilog/bool16bit_16.v:7]
INFO: [Synth 8-6155] done synthesizing module 'bool16bit_16' (8#1) [C:/Users/darry/Documents/alchitry/16BIT_ALU_CHECKOFF/work/vivado/16BIT_ALU_CHECKOFF/16BIT_ALU_CHECKOFF.srcs/sources_1/imports/verilog/bool16bit_16.v:7]
INFO: [Synth 8-6155] done synthesizing module 'alu16bit_12' (9#1) [C:/Users/darry/Documents/alchitry/16BIT_ALU_CHECKOFF/work/vivado/16BIT_ALU_CHECKOFF/16BIT_ALU_CHECKOFF.srcs/sources_1/imports/verilog/alu16bit_12.v:7]
INFO: [Synth 8-155] case statement is not full and has no default [C:/Users/darry/Documents/alchitry/16BIT_ALU_CHECKOFF/work/vivado/16BIT_ALU_CHECKOFF/16BIT_ALU_CHECKOFF.srcs/sources_1/imports/verilog/fsm_MANUAL_7.v:72]
INFO: [Synth 8-6155] done synthesizing module 'fsm_MANUAL_7' (10#1) [C:/Users/darry/Documents/alchitry/16BIT_ALU_CHECKOFF/work/vivado/16BIT_ALU_CHECKOFF/16BIT_ALU_CHECKOFF.srcs/sources_1/imports/verilog/fsm_MANUAL_7.v:7]
INFO: [Synth 8-6157] synthesizing module 'fsm_AUTO_8' [C:/Users/darry/Documents/alchitry/16BIT_ALU_CHECKOFF/work/vivado/16BIT_ALU_CHECKOFF/16BIT_ALU_CHECKOFF.srcs/sources_1/imports/verilog/fsm_AUTO_8.v:7]
INFO: [Synth 8-6155] done synthesizing module 'fsm_AUTO_8' (11#1) [C:/Users/darry/Documents/alchitry/16BIT_ALU_CHECKOFF/work/vivado/16BIT_ALU_CHECKOFF/16BIT_ALU_CHECKOFF.srcs/sources_1/imports/verilog/fsm_AUTO_8.v:7]
INFO: [Synth 8-6155] done synthesizing module 'fsm_COMBINE_4' (12#1) [C:/Users/darry/Documents/alchitry/16BIT_ALU_CHECKOFF/work/vivado/16BIT_ALU_CHECKOFF/16BIT_ALU_CHECKOFF.srcs/sources_1/imports/verilog/fsm_COMBINE_4.v:7]
INFO: [Synth 8-6157] synthesizing module 'multi_seven_seg_5' [C:/Users/darry/Documents/alchitry/16BIT_ALU_CHECKOFF/work/vivado/16BIT_ALU_CHECKOFF/16BIT_ALU_CHECKOFF.srcs/sources_1/imports/verilog/multi_seven_seg_5.v:12]
	Parameter DIGITS bound to: 3'b100 
	Parameter DIV bound to: 5'b10000 
	Parameter DIGIT_BITS bound to: 2'b10 
INFO: [Synth 8-6157] synthesizing module 'counter_9' [C:/Users/darry/Documents/alchitry/16BIT_ALU_CHECKOFF/work/vivado/16BIT_ALU_CHECKOFF/16BIT_ALU_CHECKOFF.srcs/sources_1/imports/verilog/counter_9.v:14]
	Parameter SIZE bound to: 2'b10 
	Parameter DIV bound to: 5'b10000 
	Parameter TOP bound to: 4'b0011 
	Parameter UP bound to: 1'b1 
	Parameter MAX_VALUE bound to: 20'b00111111111111111111 
INFO: [Synth 8-6155] done synthesizing module 'counter_9' (13#1) [C:/Users/darry/Documents/alchitry/16BIT_ALU_CHECKOFF/work/vivado/16BIT_ALU_CHECKOFF/16BIT_ALU_CHECKOFF.srcs/sources_1/imports/verilog/counter_9.v:14]
INFO: [Synth 8-6157] synthesizing module 'seven_seg_10' [C:/Users/darry/Documents/alchitry/16BIT_ALU_CHECKOFF/work/vivado/16BIT_ALU_CHECKOFF/16BIT_ALU_CHECKOFF.srcs/sources_1/imports/verilog/seven_seg_10.v:7]
INFO: [Synth 8-6155] done synthesizing module 'seven_seg_10' (14#1) [C:/Users/darry/Documents/alchitry/16BIT_ALU_CHECKOFF/work/vivado/16BIT_ALU_CHECKOFF/16BIT_ALU_CHECKOFF.srcs/sources_1/imports/verilog/seven_seg_10.v:7]
INFO: [Synth 8-6157] synthesizing module 'decoder_11' [C:/Users/darry/Documents/alchitry/16BIT_ALU_CHECKOFF/work/vivado/16BIT_ALU_CHECKOFF/16BIT_ALU_CHECKOFF.srcs/sources_1/imports/verilog/decoder_11.v:11]
	Parameter WIDTH bound to: 2'b10 
INFO: [Synth 8-6155] done synthesizing module 'decoder_11' (15#1) [C:/Users/darry/Documents/alchitry/16BIT_ALU_CHECKOFF/work/vivado/16BIT_ALU_CHECKOFF/16BIT_ALU_CHECKOFF.srcs/sources_1/imports/verilog/decoder_11.v:11]
INFO: [Synth 8-6155] done synthesizing module 'multi_seven_seg_5' (16#1) [C:/Users/darry/Documents/alchitry/16BIT_ALU_CHECKOFF/work/vivado/16BIT_ALU_CHECKOFF/16BIT_ALU_CHECKOFF.srcs/sources_1/imports/verilog/multi_seven_seg_5.v:12]
INFO: [Synth 8-6155] done synthesizing module 'au_top_0' (17#1) [C:/Users/darry/Documents/alchitry/16BIT_ALU_CHECKOFF/work/vivado/16BIT_ALU_CHECKOFF/16BIT_ALU_CHECKOFF.srcs/sources_1/imports/verilog/au_top_0.v:7]
---------------------------------------------------------------------------------
Finished RTL Elaboration : Time (s): cpu = 00:00:05 ; elapsed = 00:00:05 . Memory (MB): peak = 1013.973 ; gain = 0.000
---------------------------------------------------------------------------------
---------------------------------------------------------------------------------
Start Handling Custom Attributes
---------------------------------------------------------------------------------
---------------------------------------------------------------------------------
Finished Handling Custom Attributes : Time (s): cpu = 00:00:06 ; elapsed = 00:00:06 . Memory (MB): peak = 1013.973 ; gain = 0.000
---------------------------------------------------------------------------------
---------------------------------------------------------------------------------
Finished RTL Optimization Phase 1 : Time (s): cpu = 00:00:06 ; elapsed = 00:00:06 . Memory (MB): peak = 1013.973 ; gain = 0.000
---------------------------------------------------------------------------------
Netlist sorting complete. Time (s): cpu = 00:00:00 ; elapsed = 00:00:00.011 . Memory (MB): peak = 1013.973 ; gain = 0.000
INFO: [Project 1-570] Preparing netlist for logic optimization

Processing XDC Constraints
Initializing timing engine
Parsing XDC File [C:/Users/darry/Documents/alchitry/16BIT_ALU_CHECKOFF/work/constraint/custom.xdc]
Finished Parsing XDC File [C:/Users/darry/Documents/alchitry/16BIT_ALU_CHECKOFF/work/constraint/custom.xdc]
INFO: [Project 1-236] Implementation specific constraints were found while reading constraint file [C:/Users/darry/Documents/alchitry/16BIT_ALU_CHECKOFF/work/constraint/custom.xdc]. These constraints will be ignored for synthesis but will be used in implementation. Impacted constraints are listed in the file [.Xil/au_top_0_propImpl.xdc].
Resolution: To avoid this warning, move constraints listed in [.Xil/au_top_0_propImpl.xdc] to another XDC file and exclude this new file from synthesis with the used_in_synthesis property (File Properties dialog in GUI) and re-run elaboration/synthesis.
Parsing XDC File [C:/Users/darry/Documents/alchitry/16BIT_ALU_CHECKOFF/constraint/forBR.xdc]
Finished Parsing XDC File [C:/Users/darry/Documents/alchitry/16BIT_ALU_CHECKOFF/constraint/forBR.xdc]
INFO: [Project 1-236] Implementation specific constraints were found while reading constraint file [C:/Users/darry/Documents/alchitry/16BIT_ALU_CHECKOFF/constraint/forBR.xdc]. These constraints will be ignored for synthesis but will be used in implementation. Impacted constraints are listed in the file [.Xil/au_top_0_propImpl.xdc].
Resolution: To avoid this warning, move constraints listed in [.Xil/au_top_0_propImpl.xdc] to another XDC file and exclude this new file from synthesis with the used_in_synthesis property (File Properties dialog in GUI) and re-run elaboration/synthesis.
Completed Processing XDC Constraints

Netlist sorting complete. Time (s): cpu = 00:00:00 ; elapsed = 00:00:00.001 . Memory (MB): peak = 1013.973 ; gain = 0.000
INFO: [Project 1-111] Unisim Transformation Summary:
No Unisim elements were transformed.

Constraint Validation Runtime : Time (s): cpu = 00:00:00 ; elapsed = 00:00:00.008 . Memory (MB): peak = 1013.973 ; gain = 0.000
---------------------------------------------------------------------------------
Finished Constraint Validation : Time (s): cpu = 00:00:12 ; elapsed = 00:00:12 . Memory (MB): peak = 1013.973 ; gain = 0.000
---------------------------------------------------------------------------------
---------------------------------------------------------------------------------
Start Loading Part and Timing Information
---------------------------------------------------------------------------------
Loading part: xc7a35tftg256-1
---------------------------------------------------------------------------------
Finished Loading Part and Timing Information : Time (s): cpu = 00:00:12 ; elapsed = 00:00:12 . Memory (MB): peak = 1013.973 ; gain = 0.000
---------------------------------------------------------------------------------
---------------------------------------------------------------------------------
Start Applying 'set_property' XDC Constraints
---------------------------------------------------------------------------------
---------------------------------------------------------------------------------
Finished applying 'set_property' XDC Constraints : Time (s): cpu = 00:00:12 ; elapsed = 00:00:12 . Memory (MB): peak = 1013.973 ; gain = 0.000
---------------------------------------------------------------------------------
---------------------------------------------------------------------------------
Finished RTL Optimization Phase 2 : Time (s): cpu = 00:00:13 ; elapsed = 00:00:13 . Memory (MB): peak = 1013.973 ; gain = 0.000
---------------------------------------------------------------------------------
---------------------------------------------------------------------------------
Start RTL Component Statistics 
---------------------------------------------------------------------------------
Detailed RTL Component Info : 
+---Adders : 
	   2 Input   18 Bit       Adders := 1     
	   3 Input   16 Bit       Adders := 1     
	   3 Input    1 Bit       Adders := 1     
+---XORs : 
	   2 Input     16 Bit         XORs := 1     
	   2 Input      1 Bit         XORs := 1     
+---Registers : 
	               32 Bit    Registers := 2     
	               18 Bit    Registers := 1     
	               16 Bit    Registers := 4     
	                6 Bit    Registers := 1     
	                4 Bit    Registers := 1     
	                3 Bit    Registers := 1     
	                2 Bit    Registers := 2     
	                1 Bit    Registers := 6     
+---Muxes : 
	   6 Input   32 Bit        Muxes := 1     
	   2 Input   32 Bit        Muxes := 1     
	   2 Input   18 Bit        Muxes := 1     
	   2 Input   16 Bit        Muxes := 3     
	   4 Input   16 Bit        Muxes := 3     
	   6 Input   16 Bit        Muxes := 2     
	   4 Input    8 Bit        Muxes := 1     
	   2 Input    7 Bit        Muxes := 1     
	   6 Input    6 Bit        Muxes := 1     
	   2 Input    6 Bit        Muxes := 1     
	   2 Input    3 Bit        Muxes := 5     
	   2 Input    2 Bit        Muxes := 3     
	   4 Input    1 Bit        Muxes := 16    
	   6 Input    1 Bit        Muxes := 8     
	   2 Input    1 Bit        Muxes := 4     
---------------------------------------------------------------------------------
Finished RTL Component Statistics 
---------------------------------------------------------------------------------
---------------------------------------------------------------------------------
Start Part Resource Summary
---------------------------------------------------------------------------------
Part Resources:
DSPs: 90 (col length:60)
BRAMs: 100 (col length: RAMB18 60 RAMB36 30)
---------------------------------------------------------------------------------
Finished Part Resource Summary
---------------------------------------------------------------------------------
---------------------------------------------------------------------------------
Start Cross Boundary and Area Optimization
---------------------------------------------------------------------------------
---------------------------------------------------------------------------------
Finished Cross Boundary and Area Optimization : Time (s): cpu = 00:00:15 ; elapsed = 00:00:16 . Memory (MB): peak = 1013.973 ; gain = 0.000
---------------------------------------------------------------------------------
---------------------------------------------------------------------------------
Start ROM, RAM, DSP and Shift Register Reporting
---------------------------------------------------------------------------------

ROM: Preliminary Mapping	Report
+------------+------------------+---------------+----------------+
|Module Name | RTL Object       | Depth x Width | Implemented As | 
+------------+------------------+---------------+----------------+
|au_top_0    | seg/seg_dec/segs | 32x7          | LUT            | 
+------------+------------------+---------------+----------------+

---------------------------------------------------------------------------------
Finished ROM, RAM, DSP and Shift Register Reporting
---------------------------------------------------------------------------------
---------------------------------------------------------------------------------
Start Applying XDC Timing Constraints
---------------------------------------------------------------------------------
---------------------------------------------------------------------------------
Finished Applying XDC Timing Constraints : Time (s): cpu = 00:00:23 ; elapsed = 00:00:23 . Memory (MB): peak = 1013.973 ; gain = 0.000
---------------------------------------------------------------------------------
---------------------------------------------------------------------------------
Start Timing Optimization
---------------------------------------------------------------------------------
---------------------------------------------------------------------------------
Finished Timing Optimization : Time (s): cpu = 00:00:24 ; elapsed = 00:00:24 . Memory (MB): peak = 1013.973 ; gain = 0.000
---------------------------------------------------------------------------------
---------------------------------------------------------------------------------
Start Technology Mapping
---------------------------------------------------------------------------------
---------------------------------------------------------------------------------
Finished Technology Mapping : Time (s): cpu = 00:00:24 ; elapsed = 00:00:24 . Memory (MB): peak = 1013.973 ; gain = 0.000
---------------------------------------------------------------------------------
---------------------------------------------------------------------------------
Start IO Insertion
---------------------------------------------------------------------------------
---------------------------------------------------------------------------------
Start Flattening Before IO Insertion
---------------------------------------------------------------------------------
---------------------------------------------------------------------------------
Finished Flattening Before IO Insertion
---------------------------------------------------------------------------------
---------------------------------------------------------------------------------
Start Final Netlist Cleanup
---------------------------------------------------------------------------------
---------------------------------------------------------------------------------
Finished Final Netlist Cleanup
---------------------------------------------------------------------------------
---------------------------------------------------------------------------------
Finished IO Insertion : Time (s): cpu = 00:00:27 ; elapsed = 00:00:28 . Memory (MB): peak = 1013.973 ; gain = 0.000
---------------------------------------------------------------------------------
---------------------------------------------------------------------------------
Start Renaming Generated Instances
---------------------------------------------------------------------------------
---------------------------------------------------------------------------------
Finished Renaming Generated Instances : Time (s): cpu = 00:00:27 ; elapsed = 00:00:28 . Memory (MB): peak = 1013.973 ; gain = 0.000
---------------------------------------------------------------------------------
---------------------------------------------------------------------------------
Start Rebuilding User Hierarchy
---------------------------------------------------------------------------------
---------------------------------------------------------------------------------
Finished Rebuilding User Hierarchy : Time (s): cpu = 00:00:27 ; elapsed = 00:00:28 . Memory (MB): peak = 1013.973 ; gain = 0.000
---------------------------------------------------------------------------------
---------------------------------------------------------------------------------
Start Renaming Generated Ports
---------------------------------------------------------------------------------
---------------------------------------------------------------------------------
Finished Renaming Generated Ports : Time (s): cpu = 00:00:27 ; elapsed = 00:00:28 . Memory (MB): peak = 1013.973 ; gain = 0.000
---------------------------------------------------------------------------------
---------------------------------------------------------------------------------
Start Handling Custom Attributes
---------------------------------------------------------------------------------
---------------------------------------------------------------------------------
Finished Handling Custom Attributes : Time (s): cpu = 00:00:27 ; elapsed = 00:00:28 . Memory (MB): peak = 1013.973 ; gain = 0.000
---------------------------------------------------------------------------------
---------------------------------------------------------------------------------
Start Renaming Generated Nets
---------------------------------------------------------------------------------
---------------------------------------------------------------------------------
Finished Renaming Generated Nets : Time (s): cpu = 00:00:27 ; elapsed = 00:00:28 . Memory (MB): peak = 1013.973 ; gain = 0.000
---------------------------------------------------------------------------------
---------------------------------------------------------------------------------
Start Writing Synthesis Report
---------------------------------------------------------------------------------

Report BlackBoxes: 
+-+--------------+----------+
| |BlackBox name |Instances |
+-+--------------+----------+
+-+--------------+----------+

Report Cell Usage: 
+------+-------+------+
|      |Cell   |Count |
+------+-------+------+
|1     |BUFG   |     1|
|2     |CARRY4 |    19|
|3     |LUT1   |    11|
|4     |LUT2   |    39|
|5     |LUT3   |    44|
|6     |LUT4   |    69|
|7     |LUT5   |    45|
|8     |LUT6   |    86|
|9     |FDRE   |   159|
|10    |FDSE   |     4|
|11    |IBUF   |    27|
|12    |OBUF   |    37|
|13    |OBUFT  |     8|
+------+-------+------+
---------------------------------------------------------------------------------
Finished Writing Synthesis Report : Time (s): cpu = 00:00:27 ; elapsed = 00:00:28 . Memory (MB): peak = 1013.973 ; gain = 0.000
---------------------------------------------------------------------------------
Synthesis finished with 0 errors, 0 critical warnings and 0 warnings.
Synthesis Optimization Runtime : Time (s): cpu = 00:00:20 ; elapsed = 00:00:25 . Memory (MB): peak = 1013.973 ; gain = 0.000
Synthesis Optimization Complete : Time (s): cpu = 00:00:28 ; elapsed = 00:00:28 . Memory (MB): peak = 1013.973 ; gain = 0.000
INFO: [Project 1-571] Translating synthesized netlist
Netlist sorting complete. Time (s): cpu = 00:00:00 ; elapsed = 00:00:00.008 . Memory (MB): peak = 1013.973 ; gain = 0.000
INFO: [Netlist 29-17] Analyzing 19 Unisim elements for replacement
INFO: [Netlist 29-28] Unisim Transformation completed in 0 CPU seconds
INFO: [Project 1-570] Preparing netlist for logic optimization
INFO: [Opt 31-138] Pushed 0 inverter(s) to 0 load pin(s).
Netlist sorting complete. Time (s): cpu = 00:00:00 ; elapsed = 00:00:00 . Memory (MB): peak = 1013.973 ; gain = 0.000
INFO: [Project 1-111] Unisim Transformation Summary:
No Unisim elements were transformed.

INFO: [Common 17-83] Releasing license: Synthesis
52 Infos, 0 Warnings, 0 Critical Warnings and 0 Errors encountered.
synth_design completed successfully
synth_design: Time (s): cpu = 00:00:33 ; elapsed = 00:00:34 . Memory (MB): peak = 1013.973 ; gain = 0.000
INFO: [Common 17-1381] The checkpoint 'C:/Users/darry/Documents/alchitry/16BIT_ALU_CHECKOFF/work/vivado/16BIT_ALU_CHECKOFF/16BIT_ALU_CHECKOFF.runs/synth_1/au_top_0.dcp' has been generated.
INFO: [runtcl-4] Executing : report_utilization -file au_top_0_utilization_synth.rpt -pb au_top_0_utilization_synth.pb
INFO: [Common 17-206] Exiting Vivado at Wed Oct 28 22:56:31 2020...
